[2023-02-17 09:42:49] merlin-logger.DEBUG: The welcome step has been displayed [] []
[2023-02-17 09:42:54] merlin-logger.DEBUG: The license activation step has been displayed [] []
[2023-02-17 09:42:57] merlin-logger.DEBUG: The plugin installation step has been displayed [] []
[2023-02-17 09:43:04] merlin-logger.DEBUG: A plugin with the following data will be processed {"plugin_slug":"archub-core","message":"Installing"} []
[2023-02-17 09:43:08] merlin-logger.DEBUG: A plugin with the following data will be processed {"plugin_slug":"archub-core","message":"Activating"} []
[2023-02-17 09:43:08] merlin-logger.DEBUG: A plugin with the following data was processed {"plugin_slug":"archub-core"} []
[2023-02-17 09:43:09] merlin-logger.DEBUG: A plugin with the following data will be processed {"plugin_slug":"archub-portfolio","message":"Installing"} []
[2023-02-17 09:43:09] merlin-logger.DEBUG: A plugin with the following data will be processed {"plugin_slug":"archub-portfolio","message":"Activating"} []
[2023-02-17 09:43:10] merlin-logger.DEBUG: A plugin with the following data was processed {"plugin_slug":"archub-portfolio"} []
[2023-02-17 09:43:10] merlin-logger.DEBUG: A plugin with the following data will be processed {"plugin_slug":"elementor","message":"Installing"} []
[2023-02-17 09:43:15] merlin-logger.DEBUG: A plugin with the following data will be processed {"plugin_slug":"elementor","message":"Activating"} []
[2023-02-17 09:43:16] merlin-logger.DEBUG: A plugin with the following data was processed {"plugin_slug":"elementor"} []
[2023-02-17 09:43:16] merlin-logger.DEBUG: A plugin with the following data will be processed {"plugin_slug":"archub-elementor-addons","message":"Installing"} []
[2023-02-17 09:43:20] merlin-logger.DEBUG: A plugin with the following data will be processed {"plugin_slug":"archub-elementor-addons","message":"Activating"} []
[2023-02-17 09:43:22] merlin-logger.DEBUG: A plugin with the following data was processed {"plugin_slug":"archub-elementor-addons"} []
[2023-02-17 09:43:22] merlin-logger.DEBUG: A plugin with the following data will be processed {"plugin_slug":"liquid-gdpr","message":"Installing"} []
[2023-02-17 09:43:23] merlin-logger.DEBUG: A plugin with the following data will be processed {"plugin_slug":"liquid-gdpr","message":"Activating"} []
[2023-02-17 09:43:26] merlin-logger.DEBUG: A plugin with the following data was processed {"plugin_slug":"liquid-gdpr"} []
[2023-02-17 09:43:26] merlin-logger.DEBUG: A plugin with the following data will be processed {"plugin_slug":"revslider","message":"Installing"} []
[2023-02-17 09:43:30] merlin-logger.DEBUG: A plugin with the following data will be processed {"plugin_slug":"revslider","message":"Activating"} []
[2023-02-17 09:43:46] merlin-logger.DEBUG: A plugin with the following data was processed {"plugin_slug":"revslider"} []
[2023-02-17 09:43:48] merlin-logger.DEBUG: A plugin with the following data was processed {"plugin_slug":"revslider"} []
[2023-02-17 09:43:48] merlin-logger.DEBUG: A plugin with the following data will be processed {"plugin_slug":"contact-form-7","message":"Installing"} []
[2023-02-17 09:43:54] merlin-logger.DEBUG: A plugin with the following data will be processed {"plugin_slug":"contact-form-7","message":"Activating"} []
[2023-02-17 09:43:55] merlin-logger.DEBUG: A plugin with the following data was processed {"plugin_slug":"contact-form-7"} []
[2023-02-17 09:43:56] merlin-logger.DEBUG: A plugin with the following data will be processed {"plugin_slug":"woocommerce","message":"Installing"} []
[2023-02-17 09:44:07] merlin-logger.DEBUG: A plugin with the following data will be processed {"plugin_slug":"woocommerce","message":"Activating"} []
[2023-02-17 09:44:10] merlin-logger.DEBUG: A plugin with the following data was processed {"plugin_slug":"woocommerce"} []
[2023-02-17 09:44:15] merlin-logger.DEBUG: The content import step has been displayed [] []
[2023-02-17 09:44:53] merlin-logger.DEBUG: The Hello world post status was set to draft [] []
[2023-02-17 09:44:54] merlin-logger.DEBUG: The Hello world post status was set to draft [] []
[2023-02-17 09:46:57] merlin-logger.DEBUG: The final step has been displayed [] []
